[04:04:04] Still watching.
[04:04:04] Still watching.
[04:04:04] Still watching.
[04:04:04] Still watching.
[04:04:04] Still watching.
[04:04:04] Still watching.
[04:04:04] Still watching.
[04:04:04] Still watching.
[04:04:04] Still watching.
[04:04:04] Still watching.
[04:04:04] Still watching.
[04:04:04] Still watching.
[04:04:04] Still watching.# flick 20250409213556-wzmh
# flick 20250409214203-bI8O
# flick 20250409214618-phNV
# flick 20250409220131-1ZDd
# flick 20250409230605-pLGS
# flick 20250409231147-nESy
# flick 20250409234311-N6Da
# flick 20250410004429-HXkA
# flick 20250410004927-o7eH
# flick 20250410031045-CKi8
# flick 20250410032004-CB3r
# flick 20250410032810-JquQ
# flick 20250410131705-SYy7
# flick 20250410144301-5WHv
# flick 20250410153409-50RY
# flick 20250410154740-6lUK
# flick 20250410163053-cp30
# flick 20250410213333-I8pM
# flick 20250410215811-xn7f
